<?xml version="1.0" encoding="UTF-8" ?>
<testsuite tests="26" failures="0" name="pcgen.core.ChallengeRatingPathfinderTest" time="0.925" errors="0" skipped="0">
  <properties>
    <property name="java.runtime.name" value="Java(TM) SE Runtime Environment"/>
    <property name="java.vm.version" value="11.0.1+13-LTS"/>
    <property name="sun.boot.library.path" value="/Library/Java/JavaVirtualMachines/jdk-11.0.1.jdk/Contents/Home/lib"/>
    <property name="gopherProxySet" value="false"/>
    <property name="maven.multiModuleProjectDirectory" value="/Users/al029298/git/pcgen-reactor/pcgen"/>
    <property name="java.vm.vendor" value="Oracle Corporation"/>
    <property name="java.vendor.url" value="http://java.oracle.com/"/>
    <property name="guice.disable.misplaced.annotation.check" value="true"/>
    <property name="path.separator" value=":"/>
    <property name="java.vm.name" value="Java HotSpot(TM) 64-Bit Server VM"/>
    <property name="sun.os.patch.level" value="unknown"/>
    <property name="user.country" value="US"/>
    <property name="sun.java.launcher" value="SUN_STANDARD"/>
    <property name="java.vm.specification.name" value="Java Virtual Machine Specification"/>
    <property name="user.dir" value="/Users/al029298/git/pcgen-reactor/pcgen"/>
    <property name="java.vm.compressedOopsMode" value="Zero based"/>
    <property name="java.runtime.version" value="11.0.1+13-LTS"/>
    <property name="java.awt.graphicsenv" value="sun.awt.CGraphicsEnvironment"/>
    <property name="os.arch" value="x86_64"/>
    <property name="java.io.tmpdir" value="/var/folders/z_/m_yk1s95287cmln2vxt33_ndx_jbt8/T/"/>
    <property name="line.separator" value="
"/>
    <property name="java.vm.specification.vendor" value="Oracle Corporation"/>
    <property name="os.name" value="Mac OS X"/>
    <property name="classworlds.conf" value="/usr/local/Cellar/maven/3.5.4/libexec/bin/m2.conf"/>
    <property name="sun.jnu.encoding" value="UTF-8"/>
    <property name="java.library.path" value="/Users/al029298/Library/Java/Extensions:/Library/Java/Extensions:/Network/Library/Java/Extensions:/System/Library/Java/Extensions:/usr/lib/java:."/>
    <property name="maven.conf" value="/usr/local/Cellar/maven/3.5.4/libexec/conf"/>
    <property name="jdk.debug" value="release"/>
    <property name="java.class.version" value="55.0"/>
    <property name="java.specification.name" value="Java Platform API Specification"/>
    <property name="java.net.preferIPv4Stack" value="true"/>
    <property name="sun.management.compiler" value="HotSpot 64-Bit Tiered Compilers"/>
    <property name="os.version" value="10.12.6"/>
    <property name="library.jansi.path" value="/usr/local/Cellar/maven/3.5.4/libexec/lib/jansi-native"/>
    <property name="http.nonProxyHosts" value="local|*.local|169.254/16|*.169.254/16"/>
    <property name="user.home" value="/Users/al029298"/>
    <property name="user.timezone" value="America/Chicago"/>
    <property name="java.awt.printerjob" value="sun.lwawt.macosx.CPrinterJob"/>
    <property name="file.encoding" value="UTF-8"/>
    <property name="java.specification.version" value="11"/>
    <property name="user.name" value="al029298"/>
    <property name="java.class.path" value="/usr/local/Cellar/maven/3.5.4/libexec/boot/plexus-classworlds-2.5.2.jar"/>
    <property name="java.vm.specification.version" value="11"/>
    <property name="sun.arch.data.model" value="64"/>
    <property name="sun.java.command" value="org.codehaus.plexus.classworlds.launcher.Launcher clean install"/>
    <property name="java.home" value="/Library/Java/JavaVirtualMachines/jdk-11.0.1.jdk/Contents/Home"/>
    <property name="user.language" value="en"/>
    <property name="java.specification.vendor" value="Oracle Corporation"/>
    <property name="awt.toolkit" value="sun.lwawt.macosx.LWCToolkit"/>
    <property name="java.vm.info" value="mixed mode"/>
    <property name="java.version" value="11.0.1"/>
    <property name="java.vendor" value="Oracle Corporation"/>
    <property name="maven.home" value="/usr/local/Cellar/maven/3.5.4/libexec"/>
    <property name="file.separator" value="/"/>
    <property name="java.version.date" value="2018-10-16"/>
    <property name="java.vendor.url.bug" value="http://bugreport.java.com/bugreport/"/>
    <property name="sun.io.unicode.encoding" value="UnicodeBig"/>
    <property name="sun.cpu.endian" value="little"/>
    <property name="java.vendor.version" value="18.9"/>
    <property name="socksNonProxyHosts" value="local|*.local|169.254/16|*.169.254/16"/>
    <property name="ftp.nonProxyHosts" value="local|*.local|169.254/16|*.169.254/16"/>
    <property name="sun.cpu.isalist" value=""/>
  </properties>
  <testcase classname="pcgen.core.ChallengeRatingPathfinderTest" name="testPCClassDryadNonKeyLevel8" time="0.098"/>
  <testcase classname="pcgen.core.ChallengeRatingPathfinderTest" name="testPCClassKoboldLevel4" time="0.028"/>
  <testcase classname="pcgen.core.ChallengeRatingPathfinderTest" name="testPCClassBabauNonKeyLevel4" time="0.077"/>
  <testcase classname="pcgen.core.ChallengeRatingPathfinderTest" name="testMite" time="0.033"/>
  <testcase classname="pcgen.core.ChallengeRatingPathfinderTest" name="testPCClassBabauKeyLevel4" time="0.066"/>
  <testcase classname="pcgen.core.ChallengeRatingPathfinderTest" name="testMultiClassPCLevel4PCLevel4" time="0.024"/>
  <testcase classname="pcgen.core.ChallengeRatingPathfinderTest" name="testCompanion" time="0.045"/>
  <testcase classname="pcgen.core.ChallengeRatingPathfinderTest" name="testMultiClassNPCLevel4PCLevel4" time="0.039"/>
  <testcase classname="pcgen.core.ChallengeRatingPathfinderTest" name="testPCClassLevel1" time="0.017"/>
  <testcase classname="pcgen.core.ChallengeRatingPathfinderTest" name="testPCClassLevel2" time="0.067"/>
  <testcase classname="pcgen.core.ChallengeRatingPathfinderTest" name="testCentipede" time="0"/>
  <testcase classname="pcgen.core.ChallengeRatingPathfinderTest" name="testPCClassDyradKeyLevel8" time="0.028"/>
  <testcase classname="pcgen.core.ChallengeRatingPathfinderTest" name="testBeetle" time="0.024"/>
  <testcase classname="pcgen.core.ChallengeRatingPathfinderTest" name="testDireRat" time="0.048"/>
  <testcase classname="pcgen.core.ChallengeRatingPathfinderTest" name="testPCClassDrowNobleLevel4" time="0.013"/>
  <testcase classname="pcgen.core.ChallengeRatingPathfinderTest" name="testNPCClassDrowNobleLevel4" time="0.025"/>
  <testcase classname="pcgen.core.ChallengeRatingPathfinderTest" name="testMultiClassNPCLevel4NPCLevel4" time="0.06"/>
  <testcase classname="pcgen.core.ChallengeRatingPathfinderTest" name="testPCClassBabauNonKeyLevel10" time="0.051"/>
  <testcase classname="pcgen.core.ChallengeRatingPathfinderTest" name="testZombie" time="0.027"/>
  <testcase classname="pcgen.core.ChallengeRatingPathfinderTest" name="testNPCClassKoboldLevel1" time="0.035"/>
  <testcase classname="pcgen.core.ChallengeRatingPathfinderTest" name="testNPCClassKoboldLevel2" time="0.019"/>
  <testcase classname="pcgen.core.ChallengeRatingPathfinderTest" name="testNPCClassKoboldLevel3" time="0.059"/>
  <testcase classname="pcgen.core.ChallengeRatingPathfinderTest" name="testNPCClassKoboldLevel4" time="0"/>
  <testcase classname="pcgen.core.ChallengeRatingPathfinderTest" name="testNPCClassLevel1" time="0.008"/>
  <testcase classname="pcgen.core.ChallengeRatingPathfinderTest" name="testNPCClassLevel2" time="0.017"/>
  <testcase classname="pcgen.core.ChallengeRatingPathfinderTest" name="testNPCClassLevel3" time="0.017"/>
</testsuite>