<?xml version="1.0" encoding="UTF-8" ?>
<testsuite tests="28" failures="0" name="pcgen.util.TermUtilitiesTest" time="0.001" errors="0" skipped="0">
  <properties>
    <property name="java.runtime.name" value="Java(TM) SE Runtime Environment"/>
    <property name="java.vm.version" value="11.0.1+13-LTS"/>
    <property name="sun.boot.library.path" value="/Library/Java/JavaVirtualMachines/jdk-11.0.1.jdk/Contents/Home/lib"/>
    <property name="gopherProxySet" value="false"/>
    <property name="maven.multiModuleProjectDirectory" value="/Users/al029298/git/pcgen-reactor/pcgen"/>
    <property name="java.vm.vendor" value="Oracle Corporation"/>
    <property name="java.vendor.url" value="http://java.oracle.com/"/>
    <property name="guice.disable.misplaced.annotation.check" value="true"/>
    <property name="path.separator" value=":"/>
    <property name="java.vm.name" value="Java HotSpot(TM) 64-Bit Server VM"/>
    <property name="sun.os.patch.level" value="unknown"/>
    <property name="user.country" value="US"/>
    <property name="sun.java.launcher" value="SUN_STANDARD"/>
    <property name="java.vm.specification.name" value="Java Virtual Machine Specification"/>
    <property name="user.dir" value="/Users/al029298/git/pcgen-reactor/pcgen"/>
    <property name="java.vm.compressedOopsMode" value="Zero based"/>
    <property name="java.runtime.version" value="11.0.1+13-LTS"/>
    <property name="java.awt.graphicsenv" value="sun.awt.CGraphicsEnvironment"/>
    <property name="os.arch" value="x86_64"/>
    <property name="java.io.tmpdir" value="/var/folders/z_/m_yk1s95287cmln2vxt33_ndx_jbt8/T/"/>
    <property name="line.separator" value="
"/>
    <property name="java.vm.specification.vendor" value="Oracle Corporation"/>
    <property name="os.name" value="Mac OS X"/>
    <property name="classworlds.conf" value="/usr/local/Cellar/maven/3.5.4/libexec/bin/m2.conf"/>
    <property name="sun.jnu.encoding" value="UTF-8"/>
    <property name="java.library.path" value="/Users/al029298/Library/Java/Extensions:/Library/Java/Extensions:/Network/Library/Java/Extensions:/System/Library/Java/Extensions:/usr/lib/java:."/>
    <property name="maven.conf" value="/usr/local/Cellar/maven/3.5.4/libexec/conf"/>
    <property name="jdk.debug" value="release"/>
    <property name="java.class.version" value="55.0"/>
    <property name="java.specification.name" value="Java Platform API Specification"/>
    <property name="java.net.preferIPv4Stack" value="true"/>
    <property name="sun.management.compiler" value="HotSpot 64-Bit Tiered Compilers"/>
    <property name="os.version" value="10.12.6"/>
    <property name="library.jansi.path" value="/usr/local/Cellar/maven/3.5.4/libexec/lib/jansi-native"/>
    <property name="http.nonProxyHosts" value="local|*.local|169.254/16|*.169.254/16"/>
    <property name="user.home" value="/Users/al029298"/>
    <property name="user.timezone" value="America/Chicago"/>
    <property name="java.awt.printerjob" value="sun.lwawt.macosx.CPrinterJob"/>
    <property name="file.encoding" value="UTF-8"/>
    <property name="java.specification.version" value="11"/>
    <property name="user.name" value="al029298"/>
    <property name="java.class.path" value="/usr/local/Cellar/maven/3.5.4/libexec/boot/plexus-classworlds-2.5.2.jar"/>
    <property name="java.vm.specification.version" value="11"/>
    <property name="sun.arch.data.model" value="64"/>
    <property name="sun.java.command" value="org.codehaus.plexus.classworlds.launcher.Launcher clean install"/>
    <property name="java.home" value="/Library/Java/JavaVirtualMachines/jdk-11.0.1.jdk/Contents/Home"/>
    <property name="user.language" value="en"/>
    <property name="java.specification.vendor" value="Oracle Corporation"/>
    <property name="awt.toolkit" value="sun.lwawt.macosx.LWCToolkit"/>
    <property name="java.vm.info" value="mixed mode"/>
    <property name="java.version" value="11.0.1"/>
    <property name="java.vendor" value="Oracle Corporation"/>
    <property name="maven.home" value="/usr/local/Cellar/maven/3.5.4/libexec"/>
    <property name="file.separator" value="/"/>
    <property name="java.version.date" value="2018-10-16"/>
    <property name="java.vendor.url.bug" value="http://bugreport.java.com/bugreport/"/>
    <property name="sun.io.unicode.encoding" value="UnicodeBig"/>
    <property name="sun.cpu.endian" value="little"/>
    <property name="java.vendor.version" value="18.9"/>
    <property name="socksNonProxyHosts" value="local|*.local|169.254/16|*.169.254/16"/>
    <property name="ftp.nonProxyHosts" value="local|*.local|169.254/16|*.169.254/16"/>
    <property name="sun.cpu.isalist" value=""/>
  </properties>
  <testcase classname="pcgen.util.TermUtilitiesTest" name="testcheckEquipmentTypesArray01" time="0"/>
  <testcase classname="pcgen.util.TermUtilitiesTest" name="testcheckEquipmentTypesArray02" time="0"/>
  <testcase classname="pcgen.util.TermUtilitiesTest" name="testcheckEquipmentTypesArray03" time="0"/>
  <testcase classname="pcgen.util.TermUtilitiesTest" name="testcheckEquipmentTypesArray04" time="0"/>
  <testcase classname="pcgen.util.TermUtilitiesTest" name="testcheckEquipmentTypesArray05" time="0"/>
  <testcase classname="pcgen.util.TermUtilitiesTest" name="testcheckEquipmentTypesArray06" time="0"/>
  <testcase classname="pcgen.util.TermUtilitiesTest" name="testcheckEquipmentTypesArray07" time="0"/>
  <testcase classname="pcgen.util.TermUtilitiesTest" name="testcheckEquipmentTypesArray08" time="0"/>
  <testcase classname="pcgen.util.TermUtilitiesTest" name="testExtractContentsOfBrackets01" time="0"/>
  <testcase classname="pcgen.util.TermUtilitiesTest" name="testExtractContentsOfBrackets02" time="0"/>
  <testcase classname="pcgen.util.TermUtilitiesTest" name="testExtractContentsOfBrackets03" time="0"/>
  <testcase classname="pcgen.util.TermUtilitiesTest" name="testConvertToIntegers01" time="0"/>
  <testcase classname="pcgen.util.TermUtilitiesTest" name="testConvertToIntegers02" time="0"/>
  <testcase classname="pcgen.util.TermUtilitiesTest" name="testConvertToIntegers03" time="0.001"/>
  <testcase classname="pcgen.util.TermUtilitiesTest" name="testConvertToIntegers04" time="0"/>
  <testcase classname="pcgen.util.TermUtilitiesTest" name="testConvertToIntegers05" time="0"/>
  <testcase classname="pcgen.util.TermUtilitiesTest" name="testSplitAndConvertIntegers01" time="0"/>
  <testcase classname="pcgen.util.TermUtilitiesTest" name="testSplitAndConvertIntegers02" time="0"/>
  <testcase classname="pcgen.util.TermUtilitiesTest" name="testSplitAndConvertIntegers03" time="0"/>
  <testcase classname="pcgen.util.TermUtilitiesTest" name="testSplitAndConvertIntegers04" time="0"/>
  <testcase classname="pcgen.util.TermUtilitiesTest" name="testcheckEqTypeTypesArray01" time="0"/>
  <testcase classname="pcgen.util.TermUtilitiesTest" name="testcheckEqTypeTypesArray02" time="0"/>
  <testcase classname="pcgen.util.TermUtilitiesTest" name="testcheckEqTypeTypesArray03" time="0"/>
  <testcase classname="pcgen.util.TermUtilitiesTest" name="testcheckEqTypeTypesArray04" time="0"/>
  <testcase classname="pcgen.util.TermUtilitiesTest" name="testcheckEqTypeTypesArray05" time="0"/>
  <testcase classname="pcgen.util.TermUtilitiesTest" name="testcheckEqTypeTypesArray06" time="0"/>
  <testcase classname="pcgen.util.TermUtilitiesTest" name="testcheckEqTypeTypesArray07" time="0"/>
  <testcase classname="pcgen.util.TermUtilitiesTest" name="testcheckEqTypeTypesArray08" time="0"/>
</testsuite>