<?xml version="1.0" encoding="UTF-8" ?>
<testsuite tests="325" failures="0" name="pcgen.core.term.EvaluatorFactoryTest" time="0.001" errors="0" skipped="0">
  <properties>
    <property name="java.runtime.name" value="Java(TM) SE Runtime Environment"/>
    <property name="java.vm.version" value="11.0.1+13-LTS"/>
    <property name="sun.boot.library.path" value="/Library/Java/JavaVirtualMachines/jdk-11.0.1.jdk/Contents/Home/lib"/>
    <property name="gopherProxySet" value="false"/>
    <property name="maven.multiModuleProjectDirectory" value="/Users/al029298/git/pcgen-reactor/pcgen"/>
    <property name="java.vm.vendor" value="Oracle Corporation"/>
    <property name="java.vendor.url" value="http://java.oracle.com/"/>
    <property name="guice.disable.misplaced.annotation.check" value="true"/>
    <property name="path.separator" value=":"/>
    <property name="java.vm.name" value="Java HotSpot(TM) 64-Bit Server VM"/>
    <property name="sun.os.patch.level" value="unknown"/>
    <property name="user.country" value="US"/>
    <property name="sun.java.launcher" value="SUN_STANDARD"/>
    <property name="java.vm.specification.name" value="Java Virtual Machine Specification"/>
    <property name="user.dir" value="/Users/al029298/git/pcgen-reactor/pcgen"/>
    <property name="java.vm.compressedOopsMode" value="Zero based"/>
    <property name="java.runtime.version" value="11.0.1+13-LTS"/>
    <property name="java.awt.graphicsenv" value="sun.awt.CGraphicsEnvironment"/>
    <property name="os.arch" value="x86_64"/>
    <property name="java.io.tmpdir" value="/var/folders/z_/m_yk1s95287cmln2vxt33_ndx_jbt8/T/"/>
    <property name="line.separator" value="
"/>
    <property name="java.vm.specification.vendor" value="Oracle Corporation"/>
    <property name="os.name" value="Mac OS X"/>
    <property name="classworlds.conf" value="/usr/local/Cellar/maven/3.5.4/libexec/bin/m2.conf"/>
    <property name="sun.jnu.encoding" value="UTF-8"/>
    <property name="java.library.path" value="/Users/al029298/Library/Java/Extensions:/Library/Java/Extensions:/Network/Library/Java/Extensions:/System/Library/Java/Extensions:/usr/lib/java:."/>
    <property name="maven.conf" value="/usr/local/Cellar/maven/3.5.4/libexec/conf"/>
    <property name="jdk.debug" value="release"/>
    <property name="java.class.version" value="55.0"/>
    <property name="java.specification.name" value="Java Platform API Specification"/>
    <property name="java.net.preferIPv4Stack" value="true"/>
    <property name="sun.management.compiler" value="HotSpot 64-Bit Tiered Compilers"/>
    <property name="os.version" value="10.12.6"/>
    <property name="library.jansi.path" value="/usr/local/Cellar/maven/3.5.4/libexec/lib/jansi-native"/>
    <property name="http.nonProxyHosts" value="local|*.local|169.254/16|*.169.254/16"/>
    <property name="user.home" value="/Users/al029298"/>
    <property name="user.timezone" value="America/Chicago"/>
    <property name="java.awt.printerjob" value="sun.lwawt.macosx.CPrinterJob"/>
    <property name="file.encoding" value="UTF-8"/>
    <property name="java.specification.version" value="11"/>
    <property name="user.name" value="al029298"/>
    <property name="java.class.path" value="/usr/local/Cellar/maven/3.5.4/libexec/boot/plexus-classworlds-2.5.2.jar"/>
    <property name="java.vm.specification.version" value="11"/>
    <property name="sun.arch.data.model" value="64"/>
    <property name="sun.java.command" value="org.codehaus.plexus.classworlds.launcher.Launcher clean install"/>
    <property name="java.home" value="/Library/Java/JavaVirtualMachines/jdk-11.0.1.jdk/Contents/Home"/>
    <property name="user.language" value="en"/>
    <property name="java.specification.vendor" value="Oracle Corporation"/>
    <property name="awt.toolkit" value="sun.lwawt.macosx.LWCToolkit"/>
    <property name="java.vm.info" value="mixed mode"/>
    <property name="java.version" value="11.0.1"/>
    <property name="java.vendor" value="Oracle Corporation"/>
    <property name="maven.home" value="/usr/local/Cellar/maven/3.5.4/libexec"/>
    <property name="file.separator" value="/"/>
    <property name="java.version.date" value="2018-10-16"/>
    <property name="java.vendor.url.bug" value="http://bugreport.java.com/bugreport/"/>
    <property name="sun.io.unicode.encoding" value="UnicodeBig"/>
    <property name="sun.cpu.endian" value="little"/>
    <property name="java.vendor.version" value="18.9"/>
    <property name="socksNonProxyHosts" value="local|*.local|169.254/16|*.169.254/16"/>
    <property name="ftp.nonProxyHosts" value="local|*.local|169.254/16|*.169.254/16"/>
    <property name="sun.cpu.isalist" value=""/>
  </properties>
  <testcase classname="pcgen.core.term.EvaluatorFactoryTest" name="testGetTermEvaluatorPlusTotal" time="0"/>
  <testcase classname="pcgen.core.term.EvaluatorFactoryTest" name="testConstructor001" time="0"/>
  <testcase classname="pcgen.core.term.EvaluatorFactoryTest" name="testConstructor002" time="0"/>
  <testcase classname="pcgen.core.term.EvaluatorFactoryTest" name="testConstructor003" time="0"/>
  <testcase classname="pcgen.core.term.EvaluatorFactoryTest" name="testConstructor004" time="0"/>
  <testcase classname="pcgen.core.term.EvaluatorFactoryTest" name="testConstructor005" time="0"/>
  <testcase classname="pcgen.core.term.EvaluatorFactoryTest" name="testConstructor006" time="0"/>
  <testcase classname="pcgen.core.term.EvaluatorFactoryTest" name="testConstructor007" time="0"/>
  <testcase classname="pcgen.core.term.EvaluatorFactoryTest" name="testConstructor008" time="0"/>
  <testcase classname="pcgen.core.term.EvaluatorFactoryTest" name="testConstructor009" time="0"/>
  <testcase classname="pcgen.core.term.EvaluatorFactoryTest" name="testConstructor010" time="0"/>
  <testcase classname="pcgen.core.term.EvaluatorFactoryTest" name="testConstructor011" time="0"/>
  <testcase classname="pcgen.core.term.EvaluatorFactoryTest" name="testConstructor012" time="0"/>
  <testcase classname="pcgen.core.term.EvaluatorFactoryTest" name="testConstructor013" time="0"/>
  <testcase classname="pcgen.core.term.EvaluatorFactoryTest" name="testConstructor014" time="0"/>
  <testcase classname="pcgen.core.term.EvaluatorFactoryTest" name="testConstructor015" time="0"/>
  <testcase classname="pcgen.core.term.EvaluatorFactoryTest" name="testConstructor016" time="0"/>
  <testcase classname="pcgen.core.term.EvaluatorFactoryTest" name="testConstructor017" time="0"/>
  <testcase classname="pcgen.core.term.EvaluatorFactoryTest" name="testConstructor018" time="0"/>
  <testcase classname="pcgen.core.term.EvaluatorFactoryTest" name="testConstructor019" time="0"/>
  <testcase classname="pcgen.core.term.EvaluatorFactoryTest" name="testConstructor020" time="0"/>
  <testcase classname="pcgen.core.term.EvaluatorFactoryTest" name="testConstructor021" time="0"/>
  <testcase classname="pcgen.core.term.EvaluatorFactoryTest" name="testConstructor022" time="0"/>
  <testcase classname="pcgen.core.term.EvaluatorFactoryTest" name="testConstructor023" time="0"/>
  <testcase classname="pcgen.core.term.EvaluatorFactoryTest" name="testConstructor024" time="0"/>
  <testcase classname="pcgen.core.term.EvaluatorFactoryTest" name="testConstructor025" time="0"/>
  <testcase classname="pcgen.core.term.EvaluatorFactoryTest" name="testConstructor026" time="0"/>
  <testcase classname="pcgen.core.term.EvaluatorFactoryTest" name="testConstructor027" time="0"/>
  <testcase classname="pcgen.core.term.EvaluatorFactoryTest" name="testConstructor028" time="0"/>
  <testcase classname="pcgen.core.term.EvaluatorFactoryTest" name="testConstructor029" time="0"/>
  <testcase classname="pcgen.core.term.EvaluatorFactoryTest" name="testConstructor030" time="0"/>
  <testcase classname="pcgen.core.term.EvaluatorFactoryTest" name="testConstructor031" time="0"/>
  <testcase classname="pcgen.core.term.EvaluatorFactoryTest" name="testConstructor032" time="0"/>
  <testcase classname="pcgen.core.term.EvaluatorFactoryTest" name="testConstructor033" time="0"/>
  <testcase classname="pcgen.core.term.EvaluatorFactoryTest" name="testConstructor034" time="0"/>
  <testcase classname="pcgen.core.term.EvaluatorFactoryTest" name="testConstructor035" time="0"/>
  <testcase classname="pcgen.core.term.EvaluatorFactoryTest" name="testConstructor036" time="0"/>
  <testcase classname="pcgen.core.term.EvaluatorFactoryTest" name="testConstructor037" time="0"/>
  <testcase classname="pcgen.core.term.EvaluatorFactoryTest" name="testConstructor038" time="0"/>
  <testcase classname="pcgen.core.term.EvaluatorFactoryTest" name="testConstructor039" time="0"/>
  <testcase classname="pcgen.core.term.EvaluatorFactoryTest" name="testConstructor040" time="0"/>
  <testcase classname="pcgen.core.term.EvaluatorFactoryTest" name="testConstructor041" time="0"/>
  <testcase classname="pcgen.core.term.EvaluatorFactoryTest" name="testConstructor042" time="0"/>
  <testcase classname="pcgen.core.term.EvaluatorFactoryTest" name="testConstructor043" time="0"/>
  <testcase classname="pcgen.core.term.EvaluatorFactoryTest" name="testConstructor044" time="0"/>
  <testcase classname="pcgen.core.term.EvaluatorFactoryTest" name="testConstructor045" time="0"/>
  <testcase classname="pcgen.core.term.EvaluatorFactoryTest" name="testConstructor046" time="0"/>
  <testcase classname="pcgen.core.term.EvaluatorFactoryTest" name="testConstructor047" time="0"/>
  <testcase classname="pcgen.core.term.EvaluatorFactoryTest" name="testConstructor048" time="0"/>
  <testcase classname="pcgen.core.term.EvaluatorFactoryTest" name="testConstructor049" time="0"/>
  <testcase classname="pcgen.core.term.EvaluatorFactoryTest" name="testConstructor050" time="0"/>
  <testcase classname="pcgen.core.term.EvaluatorFactoryTest" name="testConstructor051" time="0"/>
  <testcase classname="pcgen.core.term.EvaluatorFactoryTest" name="testConstructor052" time="0"/>
  <testcase classname="pcgen.core.term.EvaluatorFactoryTest" name="testConstructor053" time="0"/>
  <testcase classname="pcgen.core.term.EvaluatorFactoryTest" name="testConstructor054" time="0"/>
  <testcase classname="pcgen.core.term.EvaluatorFactoryTest" name="testConstructor055" time="0"/>
  <testcase classname="pcgen.core.term.EvaluatorFactoryTest" name="testConstructor056" time="0"/>
  <testcase classname="pcgen.core.term.EvaluatorFactoryTest" name="testConstructor057" time="0"/>
  <testcase classname="pcgen.core.term.EvaluatorFactoryTest" name="testConstructor058" time="0"/>
  <testcase classname="pcgen.core.term.EvaluatorFactoryTest" name="testConstructor059" time="0"/>
  <testcase classname="pcgen.core.term.EvaluatorFactoryTest" name="testConstructor060" time="0"/>
  <testcase classname="pcgen.core.term.EvaluatorFactoryTest" name="testConstructor061" time="0"/>
  <testcase classname="pcgen.core.term.EvaluatorFactoryTest" name="testConstructor062" time="0"/>
  <testcase classname="pcgen.core.term.EvaluatorFactoryTest" name="testConstructor063" time="0"/>
  <testcase classname="pcgen.core.term.EvaluatorFactoryTest" name="testConstructor064" time="0"/>
  <testcase classname="pcgen.core.term.EvaluatorFactoryTest" name="testConstructor065" time="0"/>
  <testcase classname="pcgen.core.term.EvaluatorFactoryTest" name="testConstructor066" time="0"/>
  <testcase classname="pcgen.core.term.EvaluatorFactoryTest" name="testConstructor067" time="0"/>
  <testcase classname="pcgen.core.term.EvaluatorFactoryTest" name="testConstructor068" time="0"/>
  <testcase classname="pcgen.core.term.EvaluatorFactoryTest" name="testConstructor069" time="0"/>
  <testcase classname="pcgen.core.term.EvaluatorFactoryTest" name="testConstructor070" time="0"/>
  <testcase classname="pcgen.core.term.EvaluatorFactoryTest" name="testConstructor071" time="0"/>
  <testcase classname="pcgen.core.term.EvaluatorFactoryTest" name="testConstructor072" time="0"/>
  <testcase classname="pcgen.core.term.EvaluatorFactoryTest" name="testConstructor073" time="0"/>
  <testcase classname="pcgen.core.term.EvaluatorFactoryTest" name="testConstructor074" time="0"/>
  <testcase classname="pcgen.core.term.EvaluatorFactoryTest" name="testConstructor075" time="0"/>
  <testcase classname="pcgen.core.term.EvaluatorFactoryTest" name="testConstructor076" time="0"/>
  <testcase classname="pcgen.core.term.EvaluatorFactoryTest" name="testConstructor077" time="0"/>
  <testcase classname="pcgen.core.term.EvaluatorFactoryTest" name="testConstructor078" time="0"/>
  <testcase classname="pcgen.core.term.EvaluatorFactoryTest" name="testConstructor079" time="0"/>
  <testcase classname="pcgen.core.term.EvaluatorFactoryTest" name="testConstructor080" time="0"/>
  <testcase classname="pcgen.core.term.EvaluatorFactoryTest" name="testConstructor081" time="0"/>
  <testcase classname="pcgen.core.term.EvaluatorFactoryTest" name="testConstructor082" time="0"/>
  <testcase classname="pcgen.core.term.EvaluatorFactoryTest" name="testConstructor083" time="0"/>
  <testcase classname="pcgen.core.term.EvaluatorFactoryTest" name="testConstructor084" time="0"/>
  <testcase classname="pcgen.core.term.EvaluatorFactoryTest" name="testConstructor085" time="0"/>
  <testcase classname="pcgen.core.term.EvaluatorFactoryTest" name="testConstructor086" time="0"/>
  <testcase classname="pcgen.core.term.EvaluatorFactoryTest" name="testConstructor087" time="0"/>
  <testcase classname="pcgen.core.term.EvaluatorFactoryTest" name="testConstructor088" time="0"/>
  <testcase classname="pcgen.core.term.EvaluatorFactoryTest" name="testConstructor089" time="0"/>
  <testcase classname="pcgen.core.term.EvaluatorFactoryTest" name="testConstructor090" time="0"/>
  <testcase classname="pcgen.core.term.EvaluatorFactoryTest" name="testConstructor091" time="0"/>
  <testcase classname="pcgen.core.term.EvaluatorFactoryTest" name="testConstructor092" time="0"/>
  <testcase classname="pcgen.core.term.EvaluatorFactoryTest" name="testConstructor093" time="0"/>
  <testcase classname="pcgen.core.term.EvaluatorFactoryTest" name="testConstructor094" time="0"/>
  <testcase classname="pcgen.core.term.EvaluatorFactoryTest" name="testConstructor095" time="0"/>
  <testcase classname="pcgen.core.term.EvaluatorFactoryTest" name="testConstructor096" time="0"/>
  <testcase classname="pcgen.core.term.EvaluatorFactoryTest" name="testConstructor097" time="0"/>
  <testcase classname="pcgen.core.term.EvaluatorFactoryTest" name="testConstructor098" time="0"/>
  <testcase classname="pcgen.core.term.EvaluatorFactoryTest" name="testConstructor099" time="0"/>
  <testcase classname="pcgen.core.term.EvaluatorFactoryTest" name="testConstructor100" time="0"/>
  <testcase classname="pcgen.core.term.EvaluatorFactoryTest" name="testConstructor101" time="0"/>
  <testcase classname="pcgen.core.term.EvaluatorFactoryTest" name="testConstructor102" time="0"/>
  <testcase classname="pcgen.core.term.EvaluatorFactoryTest" name="testConstructor103" time="0"/>
  <testcase classname="pcgen.core.term.EvaluatorFactoryTest" name="testConstructor104" time="0"/>
  <testcase classname="pcgen.core.term.EvaluatorFactoryTest" name="testConstructor105" time="0"/>
  <testcase classname="pcgen.core.term.EvaluatorFactoryTest" name="testConstructor106" time="0"/>
  <testcase classname="pcgen.core.term.EvaluatorFactoryTest" name="testConstructor107" time="0"/>
  <testcase classname="pcgen.core.term.EvaluatorFactoryTest" name="testGetTermEvaluatorAltPlusTotal" time="0"/>
  <testcase classname="pcgen.core.term.EvaluatorFactoryTest" name="testGetTermEvaluator001" time="0"/>
  <testcase classname="pcgen.core.term.EvaluatorFactoryTest" name="testGetTermEvaluator002" time="0"/>
  <testcase classname="pcgen.core.term.EvaluatorFactoryTest" name="testGetTermEvaluator003" time="0"/>
  <testcase classname="pcgen.core.term.EvaluatorFactoryTest" name="testGetTermEvaluator004" time="0"/>
  <testcase classname="pcgen.core.term.EvaluatorFactoryTest" name="testGetTermEvaluator005" time="0"/>
  <testcase classname="pcgen.core.term.EvaluatorFactoryTest" name="testGetTermEvaluator006" time="0"/>
  <testcase classname="pcgen.core.term.EvaluatorFactoryTest" name="testGetTermEvaluator007" time="0"/>
  <testcase classname="pcgen.core.term.EvaluatorFactoryTest" name="testGetTermEvaluator008" time="0"/>
  <testcase classname="pcgen.core.term.EvaluatorFactoryTest" name="testGetTermEvaluator009" time="0"/>
  <testcase classname="pcgen.core.term.EvaluatorFactoryTest" name="testGetTermEvaluator010" time="0"/>
  <testcase classname="pcgen.core.term.EvaluatorFactoryTest" name="testGetTermEvaluator011" time="0"/>
  <testcase classname="pcgen.core.term.EvaluatorFactoryTest" name="testGetTermEvaluator012" time="0"/>
  <testcase classname="pcgen.core.term.EvaluatorFactoryTest" name="testGetTermEvaluator013" time="0"/>
  <testcase classname="pcgen.core.term.EvaluatorFactoryTest" name="testGetTermEvaluator014" time="0"/>
  <testcase classname="pcgen.core.term.EvaluatorFactoryTest" name="testGetTermEvaluator015" time="0"/>
  <testcase classname="pcgen.core.term.EvaluatorFactoryTest" name="testGetTermEvaluator016" time="0"/>
  <testcase classname="pcgen.core.term.EvaluatorFactoryTest" name="testGetTermEvaluator017" time="0"/>
  <testcase classname="pcgen.core.term.EvaluatorFactoryTest" name="testGetTermEvaluator018" time="0"/>
  <testcase classname="pcgen.core.term.EvaluatorFactoryTest" name="testGetTermEvaluator019" time="0"/>
  <testcase classname="pcgen.core.term.EvaluatorFactoryTest" name="testGetTermEvaluator020" time="0"/>
  <testcase classname="pcgen.core.term.EvaluatorFactoryTest" name="testGetTermEvaluator021" time="0"/>
  <testcase classname="pcgen.core.term.EvaluatorFactoryTest" name="testGetTermEvaluator022" time="0"/>
  <testcase classname="pcgen.core.term.EvaluatorFactoryTest" name="testGetTermEvaluator023" time="0"/>
  <testcase classname="pcgen.core.term.EvaluatorFactoryTest" name="testGetTermEvaluator024" time="0"/>
  <testcase classname="pcgen.core.term.EvaluatorFactoryTest" name="testGetTermEvaluator025" time="0"/>
  <testcase classname="pcgen.core.term.EvaluatorFactoryTest" name="testGetTermEvaluator026" time="0"/>
  <testcase classname="pcgen.core.term.EvaluatorFactoryTest" name="testGetTermEvaluator027" time="0"/>
  <testcase classname="pcgen.core.term.EvaluatorFactoryTest" name="testGetTermEvaluator028" time="0"/>
  <testcase classname="pcgen.core.term.EvaluatorFactoryTest" name="testGetTermEvaluator029" time="0"/>
  <testcase classname="pcgen.core.term.EvaluatorFactoryTest" name="testGetTermEvaluator030" time="0"/>
  <testcase classname="pcgen.core.term.EvaluatorFactoryTest" name="testGetTermEvaluator031" time="0"/>
  <testcase classname="pcgen.core.term.EvaluatorFactoryTest" name="testGetTermEvaluator032" time="0"/>
  <testcase classname="pcgen.core.term.EvaluatorFactoryTest" name="testGetTermEvaluator033" time="0"/>
  <testcase classname="pcgen.core.term.EvaluatorFactoryTest" name="testGetTermEvaluator034" time="0"/>
  <testcase classname="pcgen.core.term.EvaluatorFactoryTest" name="testGetTermEvaluator035" time="0"/>
  <testcase classname="pcgen.core.term.EvaluatorFactoryTest" name="testGetTermEvaluator036" time="0"/>
  <testcase classname="pcgen.core.term.EvaluatorFactoryTest" name="testGetTermEvaluator037" time="0"/>
  <testcase classname="pcgen.core.term.EvaluatorFactoryTest" name="testGetTermEvaluator038" time="0"/>
  <testcase classname="pcgen.core.term.EvaluatorFactoryTest" name="testGetTermEvaluator039" time="0"/>
  <testcase classname="pcgen.core.term.EvaluatorFactoryTest" name="testGetTermEvaluator040" time="0"/>
  <testcase classname="pcgen.core.term.EvaluatorFactoryTest" name="testGetTermEvaluator041" time="0"/>
  <testcase classname="pcgen.core.term.EvaluatorFactoryTest" name="testGetTermEvaluator042" time="0"/>
  <testcase classname="pcgen.core.term.EvaluatorFactoryTest" name="testGetTermEvaluator043" time="0"/>
  <testcase classname="pcgen.core.term.EvaluatorFactoryTest" name="testGetTermEvaluator044" time="0"/>
  <testcase classname="pcgen.core.term.EvaluatorFactoryTest" name="testGetTermEvaluator045" time="0"/>
  <testcase classname="pcgen.core.term.EvaluatorFactoryTest" name="testGetTermEvaluator046" time="0"/>
  <testcase classname="pcgen.core.term.EvaluatorFactoryTest" name="testGetTermEvaluator047" time="0"/>
  <testcase classname="pcgen.core.term.EvaluatorFactoryTest" name="testGetTermEvaluator048" time="0"/>
  <testcase classname="pcgen.core.term.EvaluatorFactoryTest" name="testGetTermEvaluator049" time="0"/>
  <testcase classname="pcgen.core.term.EvaluatorFactoryTest" name="testGetTermEvaluator050" time="0"/>
  <testcase classname="pcgen.core.term.EvaluatorFactoryTest" name="testGetTermEvaluator051" time="0"/>
  <testcase classname="pcgen.core.term.EvaluatorFactoryTest" name="testGetTermEvaluator052" time="0"/>
  <testcase classname="pcgen.core.term.EvaluatorFactoryTest" name="testGetTermEvaluator053" time="0"/>
  <testcase classname="pcgen.core.term.EvaluatorFactoryTest" name="testGetTermEvaluator054" time="0"/>
  <testcase classname="pcgen.core.term.EvaluatorFactoryTest" name="testGetTermEvaluator055" time="0"/>
  <testcase classname="pcgen.core.term.EvaluatorFactoryTest" name="testGetTermEvaluator056" time="0"/>
  <testcase classname="pcgen.core.term.EvaluatorFactoryTest" name="testGetTermEvaluator057" time="0"/>
  <testcase classname="pcgen.core.term.EvaluatorFactoryTest" name="testGetTermEvaluator058" time="0"/>
  <testcase classname="pcgen.core.term.EvaluatorFactoryTest" name="testGetTermEvaluator059" time="0"/>
  <testcase classname="pcgen.core.term.EvaluatorFactoryTest" name="testGetTermEvaluator060" time="0"/>
  <testcase classname="pcgen.core.term.EvaluatorFactoryTest" name="testGetTermEvaluator061" time="0"/>
  <testcase classname="pcgen.core.term.EvaluatorFactoryTest" name="testGetTermEvaluator062" time="0"/>
  <testcase classname="pcgen.core.term.EvaluatorFactoryTest" name="testGetTermEvaluator063" time="0"/>
  <testcase classname="pcgen.core.term.EvaluatorFactoryTest" name="testGetTermEvaluator064" time="0"/>
  <testcase classname="pcgen.core.term.EvaluatorFactoryTest" name="testGetTermEvaluator065" time="0"/>
  <testcase classname="pcgen.core.term.EvaluatorFactoryTest" name="testGetTermEvaluator066" time="0"/>
  <testcase classname="pcgen.core.term.EvaluatorFactoryTest" name="testGetTermEvaluator067" time="0"/>
  <testcase classname="pcgen.core.term.EvaluatorFactoryTest" name="testGetTermEvaluator068" time="0"/>
  <testcase classname="pcgen.core.term.EvaluatorFactoryTest" name="testGetTermEvaluator069" time="0"/>
  <testcase classname="pcgen.core.term.EvaluatorFactoryTest" name="testGetTermEvaluator070" time="0"/>
  <testcase classname="pcgen.core.term.EvaluatorFactoryTest" name="testGetTermEvaluator071" time="0"/>
  <testcase classname="pcgen.core.term.EvaluatorFactoryTest" name="testGetTermEvaluator072" time="0"/>
  <testcase classname="pcgen.core.term.EvaluatorFactoryTest" name="testGetTermEvaluator073" time="0"/>
  <testcase classname="pcgen.core.term.EvaluatorFactoryTest" name="testGetTermEvaluator074" time="0"/>
  <testcase classname="pcgen.core.term.EvaluatorFactoryTest" name="testGetTermEvaluator075" time="0"/>
  <testcase classname="pcgen.core.term.EvaluatorFactoryTest" name="testGetTermEvaluator076" time="0"/>
  <testcase classname="pcgen.core.term.EvaluatorFactoryTest" name="testGetTermEvaluator077" time="0"/>
  <testcase classname="pcgen.core.term.EvaluatorFactoryTest" name="testGetTermEvaluator078" time="0"/>
  <testcase classname="pcgen.core.term.EvaluatorFactoryTest" name="testGetTermEvaluator079" time="0"/>
  <testcase classname="pcgen.core.term.EvaluatorFactoryTest" name="testGetTermEvaluator080" time="0"/>
  <testcase classname="pcgen.core.term.EvaluatorFactoryTest" name="testGetTermEvaluator081" time="0"/>
  <testcase classname="pcgen.core.term.EvaluatorFactoryTest" name="testGetTermEvaluator082" time="0"/>
  <testcase classname="pcgen.core.term.EvaluatorFactoryTest" name="testGetTermEvaluator083" time="0"/>
  <testcase classname="pcgen.core.term.EvaluatorFactoryTest" name="testGetTermEvaluator084" time="0"/>
  <testcase classname="pcgen.core.term.EvaluatorFactoryTest" name="testGetTermEvaluator085" time="0"/>
  <testcase classname="pcgen.core.term.EvaluatorFactoryTest" name="testGetTermEvaluator086" time="0"/>
  <testcase classname="pcgen.core.term.EvaluatorFactoryTest" name="testGetTermEvaluator087" time="0"/>
  <testcase classname="pcgen.core.term.EvaluatorFactoryTest" name="testGetTermEvaluator088" time="0"/>
  <testcase classname="pcgen.core.term.EvaluatorFactoryTest" name="testGetTermEvaluator089" time="0"/>
  <testcase classname="pcgen.core.term.EvaluatorFactoryTest" name="testGetTermEvaluator090" time="0"/>
  <testcase classname="pcgen.core.term.EvaluatorFactoryTest" name="testGetTermEvaluator091" time="0"/>
  <testcase classname="pcgen.core.term.EvaluatorFactoryTest" name="testGetTermEvaluator092" time="0"/>
  <testcase classname="pcgen.core.term.EvaluatorFactoryTest" name="testGetTermEvaluator093" time="0"/>
  <testcase classname="pcgen.core.term.EvaluatorFactoryTest" name="testGetTermEvaluator094" time="0"/>
  <testcase classname="pcgen.core.term.EvaluatorFactoryTest" name="testGetTermEvaluator095" time="0"/>
  <testcase classname="pcgen.core.term.EvaluatorFactoryTest" name="testGetTermEvaluator096" time="0"/>
  <testcase classname="pcgen.core.term.EvaluatorFactoryTest" name="testGetTermEvaluator097" time="0"/>
  <testcase classname="pcgen.core.term.EvaluatorFactoryTest" name="testGetTermEvaluator098" time="0"/>
  <testcase classname="pcgen.core.term.EvaluatorFactoryTest" name="testGetTermEvaluator099" time="0"/>
  <testcase classname="pcgen.core.term.EvaluatorFactoryTest" name="testGetTermEvaluator100" time="0"/>
  <testcase classname="pcgen.core.term.EvaluatorFactoryTest" name="testGetTermEvaluator101" time="0"/>
  <testcase classname="pcgen.core.term.EvaluatorFactoryTest" name="testGetTermEvaluator102" time="0"/>
  <testcase classname="pcgen.core.term.EvaluatorFactoryTest" name="testGetTermEvaluator103" time="0"/>
  <testcase classname="pcgen.core.term.EvaluatorFactoryTest" name="testGetTermEvaluator104" time="0"/>
  <testcase classname="pcgen.core.term.EvaluatorFactoryTest" name="testGetTermEvaluator105" time="0"/>
  <testcase classname="pcgen.core.term.EvaluatorFactoryTest" name="testGetTermEvaluator106" time="0"/>
  <testcase classname="pcgen.core.term.EvaluatorFactoryTest" name="testGetTermEvaluator107" time="0"/>
  <testcase classname="pcgen.core.term.EvaluatorFactoryTest" name="testGetTermEvaluator108" time="0"/>
  <testcase classname="pcgen.core.term.EvaluatorFactoryTest" name="testGetTermEvaluator109" time="0"/>
  <testcase classname="pcgen.core.term.EvaluatorFactoryTest" name="testGetTermEvaluator110" time="0"/>
  <testcase classname="pcgen.core.term.EvaluatorFactoryTest" name="testGetTermEvaluator111" time="0"/>
  <testcase classname="pcgen.core.term.EvaluatorFactoryTest" name="testGetTermEvaluator112" time="0"/>
  <testcase classname="pcgen.core.term.EvaluatorFactoryTest" name="testGetTermEvaluator113" time="0"/>
  <testcase classname="pcgen.core.term.EvaluatorFactoryTest" name="testGetTermEvaluator114" time="0"/>
  <testcase classname="pcgen.core.term.EvaluatorFactoryTest" name="testGetTermEvaluator115" time="0"/>
  <testcase classname="pcgen.core.term.EvaluatorFactoryTest" name="testGetTermEvaluator116" time="0"/>
  <testcase classname="pcgen.core.term.EvaluatorFactoryTest" name="testGetTermEvaluator117" time="0"/>
  <testcase classname="pcgen.core.term.EvaluatorFactoryTest" name="testGetTermEvaluator118" time="0"/>
  <testcase classname="pcgen.core.term.EvaluatorFactoryTest" name="testGetTermEvaluator120" time="0"/>
  <testcase classname="pcgen.core.term.EvaluatorFactoryTest" name="testGetTermEvaluator121" time="0"/>
  <testcase classname="pcgen.core.term.EvaluatorFactoryTest" name="testGetTermEvaluator122" time="0"/>
  <testcase classname="pcgen.core.term.EvaluatorFactoryTest" name="testGetTermEvaluator123" time="0"/>
  <testcase classname="pcgen.core.term.EvaluatorFactoryTest" name="testGetTermEvaluator124" time="0"/>
  <testcase classname="pcgen.core.term.EvaluatorFactoryTest" name="testGetTermEvaluator125" time="0"/>
  <testcase classname="pcgen.core.term.EvaluatorFactoryTest" name="testGetTermEvaluator126" time="0"/>
  <testcase classname="pcgen.core.term.EvaluatorFactoryTest" name="testGetTermEvaluator127" time="0"/>
  <testcase classname="pcgen.core.term.EvaluatorFactoryTest" name="testGetTermEvaluator128" time="0"/>
  <testcase classname="pcgen.core.term.EvaluatorFactoryTest" name="testGetTermEvaluator129" time="0"/>
  <testcase classname="pcgen.core.term.EvaluatorFactoryTest" name="testGetTermEvaluator130" time="0"/>
  <testcase classname="pcgen.core.term.EvaluatorFactoryTest" name="testGetTermEvaluator131" time="0"/>
  <testcase classname="pcgen.core.term.EvaluatorFactoryTest" name="testGetTermEvaluator132" time="0"/>
  <testcase classname="pcgen.core.term.EvaluatorFactoryTest" name="testGetTermEvaluator133" time="0"/>
  <testcase classname="pcgen.core.term.EvaluatorFactoryTest" name="testGetTermEvaluator134" time="0"/>
  <testcase classname="pcgen.core.term.EvaluatorFactoryTest" name="testGetTermEvaluator135" time="0"/>
  <testcase classname="pcgen.core.term.EvaluatorFactoryTest" name="testGetTermEvaluator136" time="0"/>
  <testcase classname="pcgen.core.term.EvaluatorFactoryTest" name="testGetTermEvaluator137" time="0"/>
  <testcase classname="pcgen.core.term.EvaluatorFactoryTest" name="testGetTermEvaluator138" time="0"/>
  <testcase classname="pcgen.core.term.EvaluatorFactoryTest" name="testGetTermEvaluator139" time="0"/>
  <testcase classname="pcgen.core.term.EvaluatorFactoryTest" name="testGetTermEvaluator140" time="0"/>
  <testcase classname="pcgen.core.term.EvaluatorFactoryTest" name="testGetTermEvaluator141" time="0"/>
  <testcase classname="pcgen.core.term.EvaluatorFactoryTest" name="testGetTermEvaluator142" time="0"/>
  <testcase classname="pcgen.core.term.EvaluatorFactoryTest" name="testGetTermEvaluator143" time="0"/>
  <testcase classname="pcgen.core.term.EvaluatorFactoryTest" name="testGetTermEvaluator144" time="0"/>
  <testcase classname="pcgen.core.term.EvaluatorFactoryTest" name="testGetTermEvaluator145" time="0"/>
  <testcase classname="pcgen.core.term.EvaluatorFactoryTest" name="testGetTermEvaluator146" time="0"/>
  <testcase classname="pcgen.core.term.EvaluatorFactoryTest" name="testGetTermEvaluator147" time="0"/>
  <testcase classname="pcgen.core.term.EvaluatorFactoryTest" name="testGetTermEvaluator148" time="0"/>
  <testcase classname="pcgen.core.term.EvaluatorFactoryTest" name="testGetTermEvaluator149" time="0"/>
  <testcase classname="pcgen.core.term.EvaluatorFactoryTest" name="testGetTermEvaluator150" time="0"/>
  <testcase classname="pcgen.core.term.EvaluatorFactoryTest" name="testGetTermEvaluator151" time="0"/>
  <testcase classname="pcgen.core.term.EvaluatorFactoryTest" name="testGetTermEvaluator152" time="0"/>
  <testcase classname="pcgen.core.term.EvaluatorFactoryTest" name="testGetTermEvaluator153" time="0"/>
  <testcase classname="pcgen.core.term.EvaluatorFactoryTest" name="testGetTermEvaluator154" time="0"/>
  <testcase classname="pcgen.core.term.EvaluatorFactoryTest" name="testGetTermEvaluator155" time="0"/>
  <testcase classname="pcgen.core.term.EvaluatorFactoryTest" name="testGetTermEvaluator156" time="0"/>
  <testcase classname="pcgen.core.term.EvaluatorFactoryTest" name="testGetTermEvaluator157" time="0"/>
  <testcase classname="pcgen.core.term.EvaluatorFactoryTest" name="testGetTermEvaluator158" time="0"/>
  <testcase classname="pcgen.core.term.EvaluatorFactoryTest" name="testGetTermEvaluator159" time="0"/>
  <testcase classname="pcgen.core.term.EvaluatorFactoryTest" name="testGetTermEvaluator160" time="0"/>
  <testcase classname="pcgen.core.term.EvaluatorFactoryTest" name="testGetTermEvaluator161" time="0"/>
  <testcase classname="pcgen.core.term.EvaluatorFactoryTest" name="testGetTermEvaluator162" time="0"/>
  <testcase classname="pcgen.core.term.EvaluatorFactoryTest" name="testGetTermEvaluator163" time="0"/>
  <testcase classname="pcgen.core.term.EvaluatorFactoryTest" name="testGetTermEvaluator164" time="0"/>
  <testcase classname="pcgen.core.term.EvaluatorFactoryTest" name="testGetTermEvaluator165" time="0"/>
  <testcase classname="pcgen.core.term.EvaluatorFactoryTest" name="testGetTermEvaluator166" time="0"/>
  <testcase classname="pcgen.core.term.EvaluatorFactoryTest" name="testGetTermEvaluator167" time="0"/>
  <testcase classname="pcgen.core.term.EvaluatorFactoryTest" name="testGetTermEvaluator168" time="0"/>
  <testcase classname="pcgen.core.term.EvaluatorFactoryTest" name="testGetTermEvaluator169" time="0"/>
  <testcase classname="pcgen.core.term.EvaluatorFactoryTest" name="testGetTermEvaluator170" time="0"/>
  <testcase classname="pcgen.core.term.EvaluatorFactoryTest" name="testGetTermEvaluator171" time="0.001"/>
  <testcase classname="pcgen.core.term.EvaluatorFactoryTest" name="testGetTermEvaluator172" time="0"/>
  <testcase classname="pcgen.core.term.EvaluatorFactoryTest" name="testGetTermEvaluator173" time="0"/>
  <testcase classname="pcgen.core.term.EvaluatorFactoryTest" name="testGetTermEvaluator174" time="0"/>
  <testcase classname="pcgen.core.term.EvaluatorFactoryTest" name="testGetTermEvaluator175" time="0"/>
  <testcase classname="pcgen.core.term.EvaluatorFactoryTest" name="testGetTermEvaluator176" time="0"/>
  <testcase classname="pcgen.core.term.EvaluatorFactoryTest" name="testGetTermEvaluator177" time="0"/>
  <testcase classname="pcgen.core.term.EvaluatorFactoryTest" name="testGetTermEvaluator178" time="0"/>
  <testcase classname="pcgen.core.term.EvaluatorFactoryTest" name="testGetTermEvaluator179" time="0"/>
  <testcase classname="pcgen.core.term.EvaluatorFactoryTest" name="testGetTermEvaluator180" time="0"/>
  <testcase classname="pcgen.core.term.EvaluatorFactoryTest" name="testGetTermEvaluator181" time="0"/>
  <testcase classname="pcgen.core.term.EvaluatorFactoryTest" name="testGetTermEvaluator182" time="0"/>
  <testcase classname="pcgen.core.term.EvaluatorFactoryTest" name="testGetTermEvaluator183" time="0"/>
  <testcase classname="pcgen.core.term.EvaluatorFactoryTest" name="testGetTermEvaluator184" time="0"/>
  <testcase classname="pcgen.core.term.EvaluatorFactoryTest" name="testGetTermEvaluator185" time="0"/>
  <testcase classname="pcgen.core.term.EvaluatorFactoryTest" name="testGetTermEvaluator186" time="0"/>
  <testcase classname="pcgen.core.term.EvaluatorFactoryTest" name="testGetTermEvaluator187" time="0"/>
  <testcase classname="pcgen.core.term.EvaluatorFactoryTest" name="testGetTermEvaluator188" time="0"/>
  <testcase classname="pcgen.core.term.EvaluatorFactoryTest" name="testGetTermEvaluator189" time="0"/>
  <testcase classname="pcgen.core.term.EvaluatorFactoryTest" name="testGetTermEvaluator190" time="0"/>
  <testcase classname="pcgen.core.term.EvaluatorFactoryTest" name="testGetTermEvaluator191" time="0"/>
  <testcase classname="pcgen.core.term.EvaluatorFactoryTest" name="testGetTermEvaluator192" time="0"/>
  <testcase classname="pcgen.core.term.EvaluatorFactoryTest" name="testGetTermEvaluator193" time="0"/>
  <testcase classname="pcgen.core.term.EvaluatorFactoryTest" name="testGetTermEvaluator194" time="0"/>
  <testcase classname="pcgen.core.term.EvaluatorFactoryTest" name="testGetTermEvaluator195" time="0"/>
  <testcase classname="pcgen.core.term.EvaluatorFactoryTest" name="testGetTermEvaluator196" time="0"/>
  <testcase classname="pcgen.core.term.EvaluatorFactoryTest" name="testGetTermEvaluator197" time="0"/>
  <testcase classname="pcgen.core.term.EvaluatorFactoryTest" name="testGetTermEvaluator198" time="0"/>
  <testcase classname="pcgen.core.term.EvaluatorFactoryTest" name="testGetTermEvaluator199" time="0"/>
  <testcase classname="pcgen.core.term.EvaluatorFactoryTest" name="testGetTermEvaluator200" time="0"/>
  <testcase classname="pcgen.core.term.EvaluatorFactoryTest" name="testGetTermEvaluator201" time="0"/>
  <testcase classname="pcgen.core.term.EvaluatorFactoryTest" name="testGetTermEvaluator202" time="0"/>
  <testcase classname="pcgen.core.term.EvaluatorFactoryTest" name="testGetTermEvaluator203" time="0"/>
  <testcase classname="pcgen.core.term.EvaluatorFactoryTest" name="testGetTermEvaluator204" time="0"/>
  <testcase classname="pcgen.core.term.EvaluatorFactoryTest" name="testGetTermEvaluator205" time="0"/>
  <testcase classname="pcgen.core.term.EvaluatorFactoryTest" name="testGetTermEvaluator206" time="0"/>
  <testcase classname="pcgen.core.term.EvaluatorFactoryTest" name="testGetTermEvaluator207" time="0"/>
  <testcase classname="pcgen.core.term.EvaluatorFactoryTest" name="testGetTermEvaluator208" time="0"/>
  <testcase classname="pcgen.core.term.EvaluatorFactoryTest" name="testGetTermEvaluator209" time="0"/>
  <testcase classname="pcgen.core.term.EvaluatorFactoryTest" name="testGetTermEvaluator210" time="0"/>
  <testcase classname="pcgen.core.term.EvaluatorFactoryTest" name="testGetTermEvaluator211" time="0"/>
  <testcase classname="pcgen.core.term.EvaluatorFactoryTest" name="testGetTermEvaluator212" time="0"/>
  <testcase classname="pcgen.core.term.EvaluatorFactoryTest" name="testGetTermEvaluator213" time="0"/>
  <testcase classname="pcgen.core.term.EvaluatorFactoryTest" name="testGetTermEvaluator214" time="0"/>
  <testcase classname="pcgen.core.term.EvaluatorFactoryTest" name="testGetTermEvaluator215" time="0"/>
  <testcase classname="pcgen.core.term.EvaluatorFactoryTest" name="testGetTermEvaluator216" time="0"/>
  <testcase classname="pcgen.core.term.EvaluatorFactoryTest" name="testGetTermEvaluatorHp" time="0"/>
</testsuite>